<?xml version="1.0" encoding="UTF-8"?>
<testsuite xmlns:xsi="http://www.w3.org/2001/XMLSchema-instance" xsi:noNamespaceSchemaLocation="https://maven.apache.org/surefire/maven-surefire-plugin/xsd/surefire-test-report.xsd" name="com.wenlei.community.CommunityApplicationTests" time="9.777" tests="1" errors="0" skipped="0" failures="0">
  <properties>
    <property name="sun.desktop" value="windows"/>
    <property name="awt.toolkit" value="sun.awt.windows.WToolkit"/>
    <property name="file.encoding.pkg" value="sun.io"/>
    <property name="java.specification.version" value="1.8"/>
    <property name="sun.cpu.isalist" value="amd64"/>
    <property name="sun.jnu.encoding" value="GBK"/>
    <property name="java.class.path" value="C:\Users\米\Desktop\community-master\community-master\target\test-classes;C:\Users\米\Desktop\community-master\community-master\target\classes;D:\maven\apache-maven-3.6.1\repository\org\springframework\boot\spring-boot-starter-thymeleaf\2.4.1\spring-boot-starter-thymeleaf-2.4.1.jar;D:\maven\apache-maven-3.6.1\repository\org\springframework\boot\spring-boot-starter\2.4.1\spring-boot-starter-2.4.1.jar;D:\maven\apache-maven-3.6.1\repository\org\springframework\boot\spring-boot-starter-logging\2.4.1\spring-boot-starter-logging-2.4.1.jar;D:\maven\apache-maven-3.6.1\repository\ch\qos\logback\logback-classic\1.2.3\logback-classic-1.2.3.jar;D:\maven\apache-maven-3.6.1\repository\ch\qos\logback\logback-core\1.2.3\logback-core-1.2.3.jar;D:\maven\apache-maven-3.6.1\repository\org\apache\logging\log4j\log4j-to-slf4j\2.13.3\log4j-to-slf4j-2.13.3.jar;D:\maven\apache-maven-3.6.1\repository\org\apache\logging\log4j\log4j-api\2.13.3\log4j-api-2.13.3.jar;D:\maven\apache-maven-3.6.1\repository\org\slf4j\jul-to-slf4j\1.7.30\jul-to-slf4j-1.7.30.jar;D:\maven\apache-maven-3.6.1\repository\jakarta\annotation\jakarta.annotation-api\1.3.5\jakarta.annotation-api-1.3.5.jar;D:\maven\apache-maven-3.6.1\repository\org\yaml\snakeyaml\1.27\snakeyaml-1.27.jar;D:\maven\apache-maven-3.6.1\repository\org\thymeleaf\thymeleaf-spring5\3.0.11.RELEASE\thymeleaf-spring5-3.0.11.RELEASE.jar;D:\maven\apache-maven-3.6.1\repository\org\thymeleaf\thymeleaf\3.0.11.RELEASE\thymeleaf-3.0.11.RELEASE.jar;D:\maven\apache-maven-3.6.1\repository\org\attoparser\attoparser\2.0.5.RELEASE\attoparser-2.0.5.RELEASE.jar;D:\maven\apache-maven-3.6.1\repository\org\unbescape\unbescape\1.1.6.RELEASE\unbescape-1.1.6.RELEASE.jar;D:\maven\apache-maven-3.6.1\repository\org\thymeleaf\extras\thymeleaf-extras-java8time\3.0.4.RELEASE\thymeleaf-extras-java8time-3.0.4.RELEASE.jar;D:\maven\apache-maven-3.6.1\repository\org\springframework\boot\spring-boot-starter-web\2.4.1\spring-boot-starter-web-2.4.1.jar;D:\maven\apache-maven-3.6.1\repository\org\springframework\boot\spring-boot-starter-json\2.4.1\spring-boot-starter-json-2.4.1.jar;D:\maven\apache-maven-3.6.1\repository\com\fasterxml\jackson\core\jackson-databind\2.11.3\jackson-databind-2.11.3.jar;D:\maven\apache-maven-3.6.1\repository\com\fasterxml\jackson\core\jackson-annotations\2.11.3\jackson-annotations-2.11.3.jar;D:\maven\apache-maven-3.6.1\repository\com\fasterxml\jackson\datatype\jackson-datatype-jdk8\2.11.3\jackson-datatype-jdk8-2.11.3.jar;D:\maven\apache-maven-3.6.1\repository\com\fasterxml\jackson\datatype\jackson-datatype-jsr310\2.11.3\jackson-datatype-jsr310-2.11.3.jar;D:\maven\apache-maven-3.6.1\repository\com\fasterxml\jackson\module\jackson-module-parameter-names\2.11.3\jackson-module-parameter-names-2.11.3.jar;D:\maven\apache-maven-3.6.1\repository\org\springframework\boot\spring-boot-starter-tomcat\2.4.1\spring-boot-starter-tomcat-2.4.1.jar;D:\maven\apache-maven-3.6.1\repository\org\apache\tomcat\embed\tomcat-embed-core\9.0.41\tomcat-embed-core-9.0.41.jar;D:\maven\apache-maven-3.6.1\repository\org\glassfish\jakarta.el\3.0.3\jakarta.el-3.0.3.jar;D:\maven\apache-maven-3.6.1\repository\org\apache\tomcat\embed\tomcat-embed-websocket\9.0.41\tomcat-embed-websocket-9.0.41.jar;D:\maven\apache-maven-3.6.1\repository\org\springframework\spring-web\5.3.2\spring-web-5.3.2.jar;D:\maven\apache-maven-3.6.1\repository\org\springframework\spring-beans\5.3.2\spring-beans-5.3.2.jar;D:\maven\apache-maven-3.6.1\repository\org\springframework\spring-webmvc\5.3.2\spring-webmvc-5.3.2.jar;D:\maven\apache-maven-3.6.1\repository\org\springframework\spring-expression\5.3.2\spring-expression-5.3.2.jar;D:\maven\apache-maven-3.6.1\repository\org\springframework\boot\spring-boot-devtools\2.4.1\spring-boot-devtools-2.4.1.jar;D:\maven\apache-maven-3.6.1\repository\org\springframework\boot\spring-boot\2.4.1\spring-boot-2.4.1.jar;D:\maven\apache-maven-3.6.1\repository\org\springframework\boot\spring-boot-autoconfigure\2.4.1\spring-boot-autoconfigure-2.4.1.jar;D:\maven\apache-maven-3.6.1\repository\org\projectlombok\lombok\1.18.16\lombok-1.18.16.jar;D:\maven\apache-maven-3.6.1\repository\org\springframework\boot\spring-boot-starter-test\2.4.1\spring-boot-starter-test-2.4.1.jar;D:\maven\apache-maven-3.6.1\repository\org\springframework\boot\spring-boot-test\2.4.1\spring-boot-test-2.4.1.jar;D:\maven\apache-maven-3.6.1\repository\org\springframework\boot\spring-boot-test-autoconfigure\2.4.1\spring-boot-test-autoconfigure-2.4.1.jar;D:\maven\apache-maven-3.6.1\repository\com\jayway\jsonpath\json-path\2.4.0\json-path-2.4.0.jar;D:\maven\apache-maven-3.6.1\repository\net\minidev\json-smart\2.3\json-smart-2.3.jar;D:\maven\apache-maven-3.6.1\repository\net\minidev\accessors-smart\1.2\accessors-smart-1.2.jar;D:\maven\apache-maven-3.6.1\repository\org\ow2\asm\asm\5.0.4\asm-5.0.4.jar;D:\maven\apache-maven-3.6.1\repository\jakarta\xml\bind\jakarta.xml.bind-api\2.3.3\jakarta.xml.bind-api-2.3.3.jar;D:\maven\apache-maven-3.6.1\repository\jakarta\activation\jakarta.activation-api\1.2.2\jakarta.activation-api-1.2.2.jar;D:\maven\apache-maven-3.6.1\repository\org\assertj\assertj-core\3.18.1\assertj-core-3.18.1.jar;D:\maven\apache-maven-3.6.1\repository\org\hamcrest\hamcrest\2.2\hamcrest-2.2.jar;D:\maven\apache-maven-3.6.1\repository\org\junit\jupiter\junit-jupiter\5.7.0\junit-jupiter-5.7.0.jar;D:\maven\apache-maven-3.6.1\repository\org\junit\jupiter\junit-jupiter-api\5.7.0\junit-jupiter-api-5.7.0.jar;D:\maven\apache-maven-3.6.1\repository\org\apiguardian\apiguardian-api\1.1.0\apiguardian-api-1.1.0.jar;D:\maven\apache-maven-3.6.1\repository\org\opentest4j\opentest4j\1.2.0\opentest4j-1.2.0.jar;D:\maven\apache-maven-3.6.1\repository\org\junit\platform\junit-platform-commons\1.7.0\junit-platform-commons-1.7.0.jar;D:\maven\apache-maven-3.6.1\repository\org\junit\jupiter\junit-jupiter-params\5.7.0\junit-jupiter-params-5.7.0.jar;D:\maven\apache-maven-3.6.1\repository\org\junit\jupiter\junit-jupiter-engine\5.7.0\junit-jupiter-engine-5.7.0.jar;D:\maven\apache-maven-3.6.1\repository\org\junit\platform\junit-platform-engine\1.7.0\junit-platform-engine-1.7.0.jar;D:\maven\apache-maven-3.6.1\repository\org\mockito\mockito-core\3.6.28\mockito-core-3.6.28.jar;D:\maven\apache-maven-3.6.1\repository\net\bytebuddy\byte-buddy\1.10.18\byte-buddy-1.10.18.jar;D:\maven\apache-maven-3.6.1\repository\net\bytebuddy\byte-buddy-agent\1.10.18\byte-buddy-agent-1.10.18.jar;D:\maven\apache-maven-3.6.1\repository\org\objenesis\objenesis\3.1\objenesis-3.1.jar;D:\maven\apache-maven-3.6.1\repository\org\mockito\mockito-junit-jupiter\3.6.28\mockito-junit-jupiter-3.6.28.jar;D:\maven\apache-maven-3.6.1\repository\org\skyscreamer\jsonassert\1.5.0\jsonassert-1.5.0.jar;D:\maven\apache-maven-3.6.1\repository\com\vaadin\external\google\android-json\0.0.20131108.vaadin1\android-json-0.0.20131108.vaadin1.jar;D:\maven\apache-maven-3.6.1\repository\org\springframework\spring-core\5.3.2\spring-core-5.3.2.jar;D:\maven\apache-maven-3.6.1\repository\org\springframework\spring-jcl\5.3.2\spring-jcl-5.3.2.jar;D:\maven\apache-maven-3.6.1\repository\org\springframework\spring-test\5.3.2\spring-test-5.3.2.jar;D:\maven\apache-maven-3.6.1\repository\org\xmlunit\xmlunit-core\2.7.0\xmlunit-core-2.7.0.jar;D:\maven\apache-maven-3.6.1\repository\junit\junit\4.13.1\junit-4.13.1.jar;D:\maven\apache-maven-3.6.1\repository\org\hamcrest\hamcrest-core\2.2\hamcrest-core-2.2.jar;D:\maven\apache-maven-3.6.1\repository\org\springframework\spring-aspects\5.2.9.RELEASE\spring-aspects-5.2.9.RELEASE.jar;D:\maven\apache-maven-3.6.1\repository\org\aspectj\aspectjweaver\1.9.6\aspectjweaver-1.9.6.jar;D:\maven\apache-maven-3.6.1\repository\mysql\mysql-connector-java\5.1.46\mysql-connector-java-5.1.46.jar;D:\maven\apache-maven-3.6.1\repository\org\mybatis\spring\boot\mybatis-spring-boot-starter\2.1.4\mybatis-spring-boot-starter-2.1.4.jar;D:\maven\apache-maven-3.6.1\repository\org\springframework\boot\spring-boot-starter-jdbc\2.4.1\spring-boot-starter-jdbc-2.4.1.jar;D:\maven\apache-maven-3.6.1\repository\com\zaxxer\HikariCP\3.4.5\HikariCP-3.4.5.jar;D:\maven\apache-maven-3.6.1\repository\org\springframework\spring-jdbc\5.3.2\spring-jdbc-5.3.2.jar;D:\maven\apache-maven-3.6.1\repository\org\mybatis\spring\boot\mybatis-spring-boot-autoconfigure\2.1.4\mybatis-spring-boot-autoconfigure-2.1.4.jar;D:\maven\apache-maven-3.6.1\repository\org\mybatis\mybatis\3.5.6\mybatis-3.5.6.jar;D:\maven\apache-maven-3.6.1\repository\org\mybatis\mybatis-spring\2.0.6\mybatis-spring-2.0.6.jar;D:\maven\apache-maven-3.6.1\repository\org\springframework\boot\spring-boot-starter-mail\2.3.8.RELEASE\spring-boot-starter-mail-2.3.8.RELEASE.jar;D:\maven\apache-maven-3.6.1\repository\org\springframework\spring-context-support\5.3.2\spring-context-support-5.3.2.jar;D:\maven\apache-maven-3.6.1\repository\com\sun\mail\jakarta.mail\1.6.5\jakarta.mail-1.6.5.jar;D:\maven\apache-maven-3.6.1\repository\com\sun\activation\jakarta.activation\1.2.2\jakarta.activation-1.2.2.jar;D:\maven\apache-maven-3.6.1\repository\org\apache\commons\commons-lang3\3.11\commons-lang3-3.11.jar;D:\maven\apache-maven-3.6.1\repository\com\github\penggle\kaptcha\2.3.2\kaptcha-2.3.2.jar;D:\maven\apache-maven-3.6.1\repository\javax\servlet\javax.servlet-api\4.0.1\javax.servlet-api-4.0.1.jar;D:\maven\apache-maven-3.6.1\repository\com\jhlabs\filters\2.0.235-1\filters-2.0.235-1.jar;D:\maven\apache-maven-3.6.1\repository\com\alibaba\fastjson\1.2.75\fastjson-1.2.75.jar;D:\maven\apache-maven-3.6.1\repository\org\springframework\boot\spring-boot-starter-data-redis\2.4.4\spring-boot-starter-data-redis-2.4.4.jar;D:\maven\apache-maven-3.6.1\repository\org\springframework\data\spring-data-redis\2.4.2\spring-data-redis-2.4.2.jar;D:\maven\apache-maven-3.6.1\repository\org\springframework\data\spring-data-keyvalue\2.4.2\spring-data-keyvalue-2.4.2.jar;D:\maven\apache-maven-3.6.1\repository\org\springframework\spring-oxm\5.3.2\spring-oxm-5.3.2.jar;D:\maven\apache-maven-3.6.1\repository\io\lettuce\lettuce-core\6.0.1.RELEASE\lettuce-core-6.0.1.RELEASE.jar;D:\maven\apache-maven-3.6.1\repository\io\netty\netty-common\4.1.55.Final\netty-common-4.1.55.Final.jar;D:\maven\apache-maven-3.6.1\repository\io\netty\netty-handler\4.1.55.Final\netty-handler-4.1.55.Final.jar;D:\maven\apache-maven-3.6.1\repository\io\netty\netty-resolver\4.1.55.Final\netty-resolver-4.1.55.Final.jar;D:\maven\apache-maven-3.6.1\repository\io\netty\netty-buffer\4.1.55.Final\netty-buffer-4.1.55.Final.jar;D:\maven\apache-maven-3.6.1\repository\io\netty\netty-codec\4.1.55.Final\netty-codec-4.1.55.Final.jar;D:\maven\apache-maven-3.6.1\repository\io\netty\netty-transport\4.1.55.Final\netty-transport-4.1.55.Final.jar;D:\maven\apache-maven-3.6.1\repository\io\projectreactor\reactor-core\3.4.1\reactor-core-3.4.1.jar;D:\maven\apache-maven-3.6.1\repository\org\reactivestreams\reactive-streams\1.0.3\reactive-streams-1.0.3.jar;D:\maven\apache-maven-3.6.1\repository\org\springframework\kafka\spring-kafka\2.6.6\spring-kafka-2.6.6.jar;D:\maven\apache-maven-3.6.1\repository\org\springframework\spring-context\5.3.2\spring-context-5.3.2.jar;D:\maven\apache-maven-3.6.1\repository\org\springframework\spring-messaging\5.3.2\spring-messaging-5.3.2.jar;D:\maven\apache-maven-3.6.1\repository\org\springframework\spring-tx\5.3.2\spring-tx-5.3.2.jar;D:\maven\apache-maven-3.6.1\repository\org\springframework\retry\spring-retry\1.3.0\spring-retry-1.3.0.jar;D:\maven\apache-maven-3.6.1\repository\org\apache\kafka\kafka-clients\2.6.0\kafka-clients-2.6.0.jar;D:\maven\apache-maven-3.6.1\repository\com\github\luben\zstd-jni\1.4.4-7\zstd-jni-1.4.4-7.jar;D:\maven\apache-maven-3.6.1\repository\org\lz4\lz4-java\1.7.1\lz4-java-1.7.1.jar;D:\maven\apache-maven-3.6.1\repository\org\xerial\snappy\snappy-java\1.1.7.3\snappy-java-1.1.7.3.jar;D:\maven\apache-maven-3.6.1\repository\org\springframework\boot\spring-boot-starter-data-elasticsearch\2.4.1\spring-boot-starter-data-elasticsearch-2.4.1.jar;D:\maven\apache-maven-3.6.1\repository\org\springframework\data\spring-data-elasticsearch\4.1.2\spring-data-elasticsearch-4.1.2.jar;D:\maven\apache-maven-3.6.1\repository\org\springframework\data\spring-data-commons\2.4.2\spring-data-commons-2.4.2.jar;D:\maven\apache-maven-3.6.1\repository\org\elasticsearch\plugin\transport-netty4-client\7.9.3\transport-netty4-client-7.9.3.jar;D:\maven\apache-maven-3.6.1\repository\io\netty\netty-codec-http\4.1.55.Final\netty-codec-http-4.1.55.Final.jar;D:\maven\apache-maven-3.6.1\repository\org\elasticsearch\client\elasticsearch-rest-high-level-client\7.9.3\elasticsearch-rest-high-level-client-7.9.3.jar;D:\maven\apache-maven-3.6.1\repository\org\elasticsearch\elasticsearch\7.9.3\elasticsearch-7.9.3.jar;D:\maven\apache-maven-3.6.1\repository\org\elasticsearch\elasticsearch-core\7.9.3\elasticsearch-core-7.9.3.jar;D:\maven\apache-maven-3.6.1\repository\org\elasticsearch\elasticsearch-secure-sm\7.9.3\elasticsearch-secure-sm-7.9.3.jar;D:\maven\apache-maven-3.6.1\repository\org\elasticsearch\elasticsearch-x-content\7.9.3\elasticsearch-x-content-7.9.3.jar;D:\maven\apache-maven-3.6.1\repository\com\fasterxml\jackson\dataformat\jackson-dataformat-smile\2.11.3\jackson-dataformat-smile-2.11.3.jar;D:\maven\apache-maven-3.6.1\repository\com\fasterxml\jackson\dataformat\jackson-dataformat-yaml\2.11.3\jackson-dataformat-yaml-2.11.3.jar;D:\maven\apache-maven-3.6.1\repository\com\fasterxml\jackson\dataformat\jackson-dataformat-cbor\2.11.3\jackson-dataformat-cbor-2.11.3.jar;D:\maven\apache-maven-3.6.1\repository\org\elasticsearch\elasticsearch-geo\7.9.3\elasticsearch-geo-7.9.3.jar;D:\maven\apache-maven-3.6.1\repository\org\apache\lucene\lucene-core\8.6.2\lucene-core-8.6.2.jar;D:\maven\apache-maven-3.6.1\repository\org\apache\lucene\lucene-analyzers-common\8.6.2\lucene-analyzers-common-8.6.2.jar;D:\maven\apache-maven-3.6.1\repository\org\apache\lucene\lucene-backward-codecs\8.6.2\lucene-backward-codecs-8.6.2.jar;D:\maven\apache-maven-3.6.1\repository\org\apache\lucene\lucene-grouping\8.6.2\lucene-grouping-8.6.2.jar;D:\maven\apache-maven-3.6.1\repository\org\apache\lucene\lucene-highlighter\8.6.2\lucene-highlighter-8.6.2.jar;D:\maven\apache-maven-3.6.1\repository\org\apache\lucene\lucene-join\8.6.2\lucene-join-8.6.2.jar;D:\maven\apache-maven-3.6.1\repository\org\apache\lucene\lucene-memory\8.6.2\lucene-memory-8.6.2.jar;D:\maven\apache-maven-3.6.1\repository\org\apache\lucene\lucene-misc\8.6.2\lucene-misc-8.6.2.jar;D:\maven\apache-maven-3.6.1\repository\org\apache\lucene\lucene-queries\8.6.2\lucene-queries-8.6.2.jar;D:\maven\apache-maven-3.6.1\repository\org\apache\lucene\lucene-queryparser\8.6.2\lucene-queryparser-8.6.2.jar;D:\maven\apache-maven-3.6.1\repository\org\apache\lucene\lucene-sandbox\8.6.2\lucene-sandbox-8.6.2.jar;D:\maven\apache-maven-3.6.1\repository\org\apache\lucene\lucene-spatial-extras\8.6.2\lucene-spatial-extras-8.6.2.jar;D:\maven\apache-maven-3.6.1\repository\org\apache\lucene\lucene-spatial3d\8.6.2\lucene-spatial3d-8.6.2.jar;D:\maven\apache-maven-3.6.1\repository\org\apache\lucene\lucene-suggest\8.6.2\lucene-suggest-8.6.2.jar;D:\maven\apache-maven-3.6.1\repository\org\elasticsearch\elasticsearch-cli\7.9.3\elasticsearch-cli-7.9.3.jar;D:\maven\apache-maven-3.6.1\repository\net\sf\jopt-simple\jopt-simple\5.0.2\jopt-simple-5.0.2.jar;D:\maven\apache-maven-3.6.1\repository\com\carrotsearch\hppc\0.8.1\hppc-0.8.1.jar;D:\maven\apache-maven-3.6.1\repository\joda-time\joda-time\2.10.4\joda-time-2.10.4.jar;D:\maven\apache-maven-3.6.1\repository\com\tdunning\t-digest\3.2\t-digest-3.2.jar;D:\maven\apache-maven-3.6.1\repository\org\hdrhistogram\HdrHistogram\2.1.9\HdrHistogram-2.1.9.jar;D:\maven\apache-maven-3.6.1\repository\org\elasticsearch\jna\5.5.0\jna-5.5.0.jar;D:\maven\apache-maven-3.6.1\repository\org\elasticsearch\client\elasticsearch-rest-client\7.9.3\elasticsearch-rest-client-7.9.3.jar;D:\maven\apache-maven-3.6.1\repository\org\apache\httpcomponents\httpclient\4.5.13\httpclient-4.5.13.jar;D:\maven\apache-maven-3.6.1\repository\org\apache\httpcomponents\httpcore\4.4.14\httpcore-4.4.14.jar;D:\maven\apache-maven-3.6.1\repository\org\apache\httpcomponents\httpasyncclient\4.1.4\httpasyncclient-4.1.4.jar;D:\maven\apache-maven-3.6.1\repository\org\apache\httpcomponents\httpcore-nio\4.4.14\httpcore-nio-4.4.14.jar;D:\maven\apache-maven-3.6.1\repository\commons-codec\commons-codec\1.15\commons-codec-1.15.jar;D:\maven\apache-maven-3.6.1\repository\org\elasticsearch\plugin\mapper-extras-client\7.9.3\mapper-extras-client-7.9.3.jar;D:\maven\apache-maven-3.6.1\repository\org\elasticsearch\plugin\parent-join-client\7.9.3\parent-join-client-7.9.3.jar;D:\maven\apache-maven-3.6.1\repository\org\elasticsearch\plugin\aggs-matrix-stats-client\7.9.3\aggs-matrix-stats-client-7.9.3.jar;D:\maven\apache-maven-3.6.1\repository\org\elasticsearch\plugin\rank-eval-client\7.9.3\rank-eval-client-7.9.3.jar;D:\maven\apache-maven-3.6.1\repository\org\elasticsearch\plugin\lang-mustache-client\7.9.3\lang-mustache-client-7.9.3.jar;D:\maven\apache-maven-3.6.1\repository\com\github\spullara\mustache\java\compiler\0.9.6\compiler-0.9.6.jar;D:\maven\apache-maven-3.6.1\repository\com\fasterxml\jackson\core\jackson-core\2.11.3\jackson-core-2.11.3.jar;D:\maven\apache-maven-3.6.1\repository\org\springframework\boot\spring-boot-starter-security\2.4.3\spring-boot-starter-security-2.4.3.jar;D:\maven\apache-maven-3.6.1\repository\org\springframework\spring-aop\5.3.2\spring-aop-5.3.2.jar;D:\maven\apache-maven-3.6.1\repository\org\springframework\security\spring-security-config\5.4.2\spring-security-config-5.4.2.jar;D:\maven\apache-maven-3.6.1\repository\org\springframework\security\spring-security-core\5.4.2\spring-security-core-5.4.2.jar;D:\maven\apache-maven-3.6.1\repository\org\springframework\security\spring-security-web\5.4.2\spring-security-web-5.4.2.jar;D:\maven\apache-maven-3.6.1\repository\org\thymeleaf\extras\thymeleaf-extras-springsecurity5\3.0.4.RELEASE\thymeleaf-extras-springsecurity5-3.0.4.RELEASE.jar;D:\maven\apache-maven-3.6.1\repository\org\slf4j\slf4j-api\1.7.30\slf4j-api-1.7.30.jar;D:\maven\apache-maven-3.6.1\repository\org\springframework\boot\spring-boot-starter-quartz\2.4.4\spring-boot-starter-quartz-2.4.4.jar;D:\maven\apache-maven-3.6.1\repository\org\quartz-scheduler\quartz\2.3.2\quartz-2.3.2.jar;D:\maven\apache-maven-3.6.1\repository\com\mchange\mchange-commons-java\0.2.15\mchange-commons-java-0.2.15.jar;"/>
    <property name="java.vm.vendor" value="Oracle Corporation"/>
    <property name="sun.arch.data.model" value="64"/>
    <property name="user.variant" value=""/>
    <property name="java.vendor.url" value="http://java.oracle.com/"/>
    <property name="user.timezone" value="Asia/Shanghai"/>
    <property name="java.vm.specification.version" value="1.8"/>
    <property name="os.name" value="Windows 10"/>
    <property name="user.country" value="CN"/>
    <property name="sun.java.launcher" value="SUN_STANDARD"/>
    <property name="sun.boot.library.path" value="D:\jdk\jre\bin"/>
    <property name="sun.java.command" value="C:\Users\米\AppData\Local\Temp\surefire5600629106431836514\surefirebooter6483212395382955977.jar C:\Users\米\AppData\Local\Temp\surefire5600629106431836514 2022-11-22T15-14-18_229-jvmRun1 surefire7383262939739107067tmp surefire_04795409689403525549tmp"/>
    <property name="surefire.test.class.path" value="C:\Users\米\Desktop\community-master\community-master\target\test-classes;C:\Users\米\Desktop\community-master\community-master\target\classes;D:\maven\apache-maven-3.6.1\repository\org\springframework\boot\spring-boot-starter-thymeleaf\2.4.1\spring-boot-starter-thymeleaf-2.4.1.jar;D:\maven\apache-maven-3.6.1\repository\org\springframework\boot\spring-boot-starter\2.4.1\spring-boot-starter-2.4.1.jar;D:\maven\apache-maven-3.6.1\repository\org\springframework\boot\spring-boot-starter-logging\2.4.1\spring-boot-starter-logging-2.4.1.jar;D:\maven\apache-maven-3.6.1\repository\ch\qos\logback\logback-classic\1.2.3\logback-classic-1.2.3.jar;D:\maven\apache-maven-3.6.1\repository\ch\qos\logback\logback-core\1.2.3\logback-core-1.2.3.jar;D:\maven\apache-maven-3.6.1\repository\org\apache\logging\log4j\log4j-to-slf4j\2.13.3\log4j-to-slf4j-2.13.3.jar;D:\maven\apache-maven-3.6.1\repository\org\apache\logging\log4j\log4j-api\2.13.3\log4j-api-2.13.3.jar;D:\maven\apache-maven-3.6.1\repository\org\slf4j\jul-to-slf4j\1.7.30\jul-to-slf4j-1.7.30.jar;D:\maven\apache-maven-3.6.1\repository\jakarta\annotation\jakarta.annotation-api\1.3.5\jakarta.annotation-api-1.3.5.jar;D:\maven\apache-maven-3.6.1\repository\org\yaml\snakeyaml\1.27\snakeyaml-1.27.jar;D:\maven\apache-maven-3.6.1\repository\org\thymeleaf\thymeleaf-spring5\3.0.11.RELEASE\thymeleaf-spring5-3.0.11.RELEASE.jar;D:\maven\apache-maven-3.6.1\repository\org\thymeleaf\thymeleaf\3.0.11.RELEASE\thymeleaf-3.0.11.RELEASE.jar;D:\maven\apache-maven-3.6.1\repository\org\attoparser\attoparser\2.0.5.RELEASE\attoparser-2.0.5.RELEASE.jar;D:\maven\apache-maven-3.6.1\repository\org\unbescape\unbescape\1.1.6.RELEASE\unbescape-1.1.6.RELEASE.jar;D:\maven\apache-maven-3.6.1\repository\org\thymeleaf\extras\thymeleaf-extras-java8time\3.0.4.RELEASE\thymeleaf-extras-java8time-3.0.4.RELEASE.jar;D:\maven\apache-maven-3.6.1\repository\org\springframework\boot\spring-boot-starter-web\2.4.1\spring-boot-starter-web-2.4.1.jar;D:\maven\apache-maven-3.6.1\repository\org\springframework\boot\spring-boot-starter-json\2.4.1\spring-boot-starter-json-2.4.1.jar;D:\maven\apache-maven-3.6.1\repository\com\fasterxml\jackson\core\jackson-databind\2.11.3\jackson-databind-2.11.3.jar;D:\maven\apache-maven-3.6.1\repository\com\fasterxml\jackson\core\jackson-annotations\2.11.3\jackson-annotations-2.11.3.jar;D:\maven\apache-maven-3.6.1\repository\com\fasterxml\jackson\datatype\jackson-datatype-jdk8\2.11.3\jackson-datatype-jdk8-2.11.3.jar;D:\maven\apache-maven-3.6.1\repository\com\fasterxml\jackson\datatype\jackson-datatype-jsr310\2.11.3\jackson-datatype-jsr310-2.11.3.jar;D:\maven\apache-maven-3.6.1\repository\com\fasterxml\jackson\module\jackson-module-parameter-names\2.11.3\jackson-module-parameter-names-2.11.3.jar;D:\maven\apache-maven-3.6.1\repository\org\springframework\boot\spring-boot-starter-tomcat\2.4.1\spring-boot-starter-tomcat-2.4.1.jar;D:\maven\apache-maven-3.6.1\repository\org\apache\tomcat\embed\tomcat-embed-core\9.0.41\tomcat-embed-core-9.0.41.jar;D:\maven\apache-maven-3.6.1\repository\org\glassfish\jakarta.el\3.0.3\jakarta.el-3.0.3.jar;D:\maven\apache-maven-3.6.1\repository\org\apache\tomcat\embed\tomcat-embed-websocket\9.0.41\tomcat-embed-websocket-9.0.41.jar;D:\maven\apache-maven-3.6.1\repository\org\springframework\spring-web\5.3.2\spring-web-5.3.2.jar;D:\maven\apache-maven-3.6.1\repository\org\springframework\spring-beans\5.3.2\spring-beans-5.3.2.jar;D:\maven\apache-maven-3.6.1\repository\org\springframework\spring-webmvc\5.3.2\spring-webmvc-5.3.2.jar;D:\maven\apache-maven-3.6.1\repository\org\springframework\spring-expression\5.3.2\spring-expression-5.3.2.jar;D:\maven\apache-maven-3.6.1\repository\org\springframework\boot\spring-boot-devtools\2.4.1\spring-boot-devtools-2.4.1.jar;D:\maven\apache-maven-3.6.1\repository\org\springframework\boot\spring-boot\2.4.1\spring-boot-2.4.1.jar;D:\maven\apache-maven-3.6.1\repository\org\springframework\boot\spring-boot-autoconfigure\2.4.1\spring-boot-autoconfigure-2.4.1.jar;D:\maven\apache-maven-3.6.1\repository\org\projectlombok\lombok\1.18.16\lombok-1.18.16.jar;D:\maven\apache-maven-3.6.1\repository\org\springframework\boot\spring-boot-starter-test\2.4.1\spring-boot-starter-test-2.4.1.jar;D:\maven\apache-maven-3.6.1\repository\org\springframework\boot\spring-boot-test\2.4.1\spring-boot-test-2.4.1.jar;D:\maven\apache-maven-3.6.1\repository\org\springframework\boot\spring-boot-test-autoconfigure\2.4.1\spring-boot-test-autoconfigure-2.4.1.jar;D:\maven\apache-maven-3.6.1\repository\com\jayway\jsonpath\json-path\2.4.0\json-path-2.4.0.jar;D:\maven\apache-maven-3.6.1\repository\net\minidev\json-smart\2.3\json-smart-2.3.jar;D:\maven\apache-maven-3.6.1\repository\net\minidev\accessors-smart\1.2\accessors-smart-1.2.jar;D:\maven\apache-maven-3.6.1\repository\org\ow2\asm\asm\5.0.4\asm-5.0.4.jar;D:\maven\apache-maven-3.6.1\repository\jakarta\xml\bind\jakarta.xml.bind-api\2.3.3\jakarta.xml.bind-api-2.3.3.jar;D:\maven\apache-maven-3.6.1\repository\jakarta\activation\jakarta.activation-api\1.2.2\jakarta.activation-api-1.2.2.jar;D:\maven\apache-maven-3.6.1\repository\org\assertj\assertj-core\3.18.1\assertj-core-3.18.1.jar;D:\maven\apache-maven-3.6.1\repository\org\hamcrest\hamcrest\2.2\hamcrest-2.2.jar;D:\maven\apache-maven-3.6.1\repository\org\junit\jupiter\junit-jupiter\5.7.0\junit-jupiter-5.7.0.jar;D:\maven\apache-maven-3.6.1\repository\org\junit\jupiter\junit-jupiter-api\5.7.0\junit-jupiter-api-5.7.0.jar;D:\maven\apache-maven-3.6.1\repository\org\apiguardian\apiguardian-api\1.1.0\apiguardian-api-1.1.0.jar;D:\maven\apache-maven-3.6.1\repository\org\opentest4j\opentest4j\1.2.0\opentest4j-1.2.0.jar;D:\maven\apache-maven-3.6.1\repository\org\junit\platform\junit-platform-commons\1.7.0\junit-platform-commons-1.7.0.jar;D:\maven\apache-maven-3.6.1\repository\org\junit\jupiter\junit-jupiter-params\5.7.0\junit-jupiter-params-5.7.0.jar;D:\maven\apache-maven-3.6.1\repository\org\junit\jupiter\junit-jupiter-engine\5.7.0\junit-jupiter-engine-5.7.0.jar;D:\maven\apache-maven-3.6.1\repository\org\junit\platform\junit-platform-engine\1.7.0\junit-platform-engine-1.7.0.jar;D:\maven\apache-maven-3.6.1\repository\org\mockito\mockito-core\3.6.28\mockito-core-3.6.28.jar;D:\maven\apache-maven-3.6.1\repository\net\bytebuddy\byte-buddy\1.10.18\byte-buddy-1.10.18.jar;D:\maven\apache-maven-3.6.1\repository\net\bytebuddy\byte-buddy-agent\1.10.18\byte-buddy-agent-1.10.18.jar;D:\maven\apache-maven-3.6.1\repository\org\objenesis\objenesis\3.1\objenesis-3.1.jar;D:\maven\apache-maven-3.6.1\repository\org\mockito\mockito-junit-jupiter\3.6.28\mockito-junit-jupiter-3.6.28.jar;D:\maven\apache-maven-3.6.1\repository\org\skyscreamer\jsonassert\1.5.0\jsonassert-1.5.0.jar;D:\maven\apache-maven-3.6.1\repository\com\vaadin\external\google\android-json\0.0.20131108.vaadin1\android-json-0.0.20131108.vaadin1.jar;D:\maven\apache-maven-3.6.1\repository\org\springframework\spring-core\5.3.2\spring-core-5.3.2.jar;D:\maven\apache-maven-3.6.1\repository\org\springframework\spring-jcl\5.3.2\spring-jcl-5.3.2.jar;D:\maven\apache-maven-3.6.1\repository\org\springframework\spring-test\5.3.2\spring-test-5.3.2.jar;D:\maven\apache-maven-3.6.1\repository\org\xmlunit\xmlunit-core\2.7.0\xmlunit-core-2.7.0.jar;D:\maven\apache-maven-3.6.1\repository\junit\junit\4.13.1\junit-4.13.1.jar;D:\maven\apache-maven-3.6.1\repository\org\hamcrest\hamcrest-core\2.2\hamcrest-core-2.2.jar;D:\maven\apache-maven-3.6.1\repository\org\springframework\spring-aspects\5.2.9.RELEASE\spring-aspects-5.2.9.RELEASE.jar;D:\maven\apache-maven-3.6.1\repository\org\aspectj\aspectjweaver\1.9.6\aspectjweaver-1.9.6.jar;D:\maven\apache-maven-3.6.1\repository\mysql\mysql-connector-java\5.1.46\mysql-connector-java-5.1.46.jar;D:\maven\apache-maven-3.6.1\repository\org\mybatis\spring\boot\mybatis-spring-boot-starter\2.1.4\mybatis-spring-boot-starter-2.1.4.jar;D:\maven\apache-maven-3.6.1\repository\org\springframework\boot\spring-boot-starter-jdbc\2.4.1\spring-boot-starter-jdbc-2.4.1.jar;D:\maven\apache-maven-3.6.1\repository\com\zaxxer\HikariCP\3.4.5\HikariCP-3.4.5.jar;D:\maven\apache-maven-3.6.1\repository\org\springframework\spring-jdbc\5.3.2\spring-jdbc-5.3.2.jar;D:\maven\apache-maven-3.6.1\repository\org\mybatis\spring\boot\mybatis-spring-boot-autoconfigure\2.1.4\mybatis-spring-boot-autoconfigure-2.1.4.jar;D:\maven\apache-maven-3.6.1\repository\org\mybatis\mybatis\3.5.6\mybatis-3.5.6.jar;D:\maven\apache-maven-3.6.1\repository\org\mybatis\mybatis-spring\2.0.6\mybatis-spring-2.0.6.jar;D:\maven\apache-maven-3.6.1\repository\org\springframework\boot\spring-boot-starter-mail\2.3.8.RELEASE\spring-boot-starter-mail-2.3.8.RELEASE.jar;D:\maven\apache-maven-3.6.1\repository\org\springframework\spring-context-support\5.3.2\spring-context-support-5.3.2.jar;D:\maven\apache-maven-3.6.1\repository\com\sun\mail\jakarta.mail\1.6.5\jakarta.mail-1.6.5.jar;D:\maven\apache-maven-3.6.1\repository\com\sun\activation\jakarta.activation\1.2.2\jakarta.activation-1.2.2.jar;D:\maven\apache-maven-3.6.1\repository\org\apache\commons\commons-lang3\3.11\commons-lang3-3.11.jar;D:\maven\apache-maven-3.6.1\repository\com\github\penggle\kaptcha\2.3.2\kaptcha-2.3.2.jar;D:\maven\apache-maven-3.6.1\repository\javax\servlet\javax.servlet-api\4.0.1\javax.servlet-api-4.0.1.jar;D:\maven\apache-maven-3.6.1\repository\com\jhlabs\filters\2.0.235-1\filters-2.0.235-1.jar;D:\maven\apache-maven-3.6.1\repository\com\alibaba\fastjson\1.2.75\fastjson-1.2.75.jar;D:\maven\apache-maven-3.6.1\repository\org\springframework\boot\spring-boot-starter-data-redis\2.4.4\spring-boot-starter-data-redis-2.4.4.jar;D:\maven\apache-maven-3.6.1\repository\org\springframework\data\spring-data-redis\2.4.2\spring-data-redis-2.4.2.jar;D:\maven\apache-maven-3.6.1\repository\org\springframework\data\spring-data-keyvalue\2.4.2\spring-data-keyvalue-2.4.2.jar;D:\maven\apache-maven-3.6.1\repository\org\springframework\spring-oxm\5.3.2\spring-oxm-5.3.2.jar;D:\maven\apache-maven-3.6.1\repository\io\lettuce\lettuce-core\6.0.1.RELEASE\lettuce-core-6.0.1.RELEASE.jar;D:\maven\apache-maven-3.6.1\repository\io\netty\netty-common\4.1.55.Final\netty-common-4.1.55.Final.jar;D:\maven\apache-maven-3.6.1\repository\io\netty\netty-handler\4.1.55.Final\netty-handler-4.1.55.Final.jar;D:\maven\apache-maven-3.6.1\repository\io\netty\netty-resolver\4.1.55.Final\netty-resolver-4.1.55.Final.jar;D:\maven\apache-maven-3.6.1\repository\io\netty\netty-buffer\4.1.55.Final\netty-buffer-4.1.55.Final.jar;D:\maven\apache-maven-3.6.1\repository\io\netty\netty-codec\4.1.55.Final\netty-codec-4.1.55.Final.jar;D:\maven\apache-maven-3.6.1\repository\io\netty\netty-transport\4.1.55.Final\netty-transport-4.1.55.Final.jar;D:\maven\apache-maven-3.6.1\repository\io\projectreactor\reactor-core\3.4.1\reactor-core-3.4.1.jar;D:\maven\apache-maven-3.6.1\repository\org\reactivestreams\reactive-streams\1.0.3\reactive-streams-1.0.3.jar;D:\maven\apache-maven-3.6.1\repository\org\springframework\kafka\spring-kafka\2.6.6\spring-kafka-2.6.6.jar;D:\maven\apache-maven-3.6.1\repository\org\springframework\spring-context\5.3.2\spring-context-5.3.2.jar;D:\maven\apache-maven-3.6.1\repository\org\springframework\spring-messaging\5.3.2\spring-messaging-5.3.2.jar;D:\maven\apache-maven-3.6.1\repository\org\springframework\spring-tx\5.3.2\spring-tx-5.3.2.jar;D:\maven\apache-maven-3.6.1\repository\org\springframework\retry\spring-retry\1.3.0\spring-retry-1.3.0.jar;D:\maven\apache-maven-3.6.1\repository\org\apache\kafka\kafka-clients\2.6.0\kafka-clients-2.6.0.jar;D:\maven\apache-maven-3.6.1\repository\com\github\luben\zstd-jni\1.4.4-7\zstd-jni-1.4.4-7.jar;D:\maven\apache-maven-3.6.1\repository\org\lz4\lz4-java\1.7.1\lz4-java-1.7.1.jar;D:\maven\apache-maven-3.6.1\repository\org\xerial\snappy\snappy-java\1.1.7.3\snappy-java-1.1.7.3.jar;D:\maven\apache-maven-3.6.1\repository\org\springframework\boot\spring-boot-starter-data-elasticsearch\2.4.1\spring-boot-starter-data-elasticsearch-2.4.1.jar;D:\maven\apache-maven-3.6.1\repository\org\springframework\data\spring-data-elasticsearch\4.1.2\spring-data-elasticsearch-4.1.2.jar;D:\maven\apache-maven-3.6.1\repository\org\springframework\data\spring-data-commons\2.4.2\spring-data-commons-2.4.2.jar;D:\maven\apache-maven-3.6.1\repository\org\elasticsearch\plugin\transport-netty4-client\7.9.3\transport-netty4-client-7.9.3.jar;D:\maven\apache-maven-3.6.1\repository\io\netty\netty-codec-http\4.1.55.Final\netty-codec-http-4.1.55.Final.jar;D:\maven\apache-maven-3.6.1\repository\org\elasticsearch\client\elasticsearch-rest-high-level-client\7.9.3\elasticsearch-rest-high-level-client-7.9.3.jar;D:\maven\apache-maven-3.6.1\repository\org\elasticsearch\elasticsearch\7.9.3\elasticsearch-7.9.3.jar;D:\maven\apache-maven-3.6.1\repository\org\elasticsearch\elasticsearch-core\7.9.3\elasticsearch-core-7.9.3.jar;D:\maven\apache-maven-3.6.1\repository\org\elasticsearch\elasticsearch-secure-sm\7.9.3\elasticsearch-secure-sm-7.9.3.jar;D:\maven\apache-maven-3.6.1\repository\org\elasticsearch\elasticsearch-x-content\7.9.3\elasticsearch-x-content-7.9.3.jar;D:\maven\apache-maven-3.6.1\repository\com\fasterxml\jackson\dataformat\jackson-dataformat-smile\2.11.3\jackson-dataformat-smile-2.11.3.jar;D:\maven\apache-maven-3.6.1\repository\com\fasterxml\jackson\dataformat\jackson-dataformat-yaml\2.11.3\jackson-dataformat-yaml-2.11.3.jar;D:\maven\apache-maven-3.6.1\repository\com\fasterxml\jackson\dataformat\jackson-dataformat-cbor\2.11.3\jackson-dataformat-cbor-2.11.3.jar;D:\maven\apache-maven-3.6.1\repository\org\elasticsearch\elasticsearch-geo\7.9.3\elasticsearch-geo-7.9.3.jar;D:\maven\apache-maven-3.6.1\repository\org\apache\lucene\lucene-core\8.6.2\lucene-core-8.6.2.jar;D:\maven\apache-maven-3.6.1\repository\org\apache\lucene\lucene-analyzers-common\8.6.2\lucene-analyzers-common-8.6.2.jar;D:\maven\apache-maven-3.6.1\repository\org\apache\lucene\lucene-backward-codecs\8.6.2\lucene-backward-codecs-8.6.2.jar;D:\maven\apache-maven-3.6.1\repository\org\apache\lucene\lucene-grouping\8.6.2\lucene-grouping-8.6.2.jar;D:\maven\apache-maven-3.6.1\repository\org\apache\lucene\lucene-highlighter\8.6.2\lucene-highlighter-8.6.2.jar;D:\maven\apache-maven-3.6.1\repository\org\apache\lucene\lucene-join\8.6.2\lucene-join-8.6.2.jar;D:\maven\apache-maven-3.6.1\repository\org\apache\lucene\lucene-memory\8.6.2\lucene-memory-8.6.2.jar;D:\maven\apache-maven-3.6.1\repository\org\apache\lucene\lucene-misc\8.6.2\lucene-misc-8.6.2.jar;D:\maven\apache-maven-3.6.1\repository\org\apache\lucene\lucene-queries\8.6.2\lucene-queries-8.6.2.jar;D:\maven\apache-maven-3.6.1\repository\org\apache\lucene\lucene-queryparser\8.6.2\lucene-queryparser-8.6.2.jar;D:\maven\apache-maven-3.6.1\repository\org\apache\lucene\lucene-sandbox\8.6.2\lucene-sandbox-8.6.2.jar;D:\maven\apache-maven-3.6.1\repository\org\apache\lucene\lucene-spatial-extras\8.6.2\lucene-spatial-extras-8.6.2.jar;D:\maven\apache-maven-3.6.1\repository\org\apache\lucene\lucene-spatial3d\8.6.2\lucene-spatial3d-8.6.2.jar;D:\maven\apache-maven-3.6.1\repository\org\apache\lucene\lucene-suggest\8.6.2\lucene-suggest-8.6.2.jar;D:\maven\apache-maven-3.6.1\repository\org\elasticsearch\elasticsearch-cli\7.9.3\elasticsearch-cli-7.9.3.jar;D:\maven\apache-maven-3.6.1\repository\net\sf\jopt-simple\jopt-simple\5.0.2\jopt-simple-5.0.2.jar;D:\maven\apache-maven-3.6.1\repository\com\carrotsearch\hppc\0.8.1\hppc-0.8.1.jar;D:\maven\apache-maven-3.6.1\repository\joda-time\joda-time\2.10.4\joda-time-2.10.4.jar;D:\maven\apache-maven-3.6.1\repository\com\tdunning\t-digest\3.2\t-digest-3.2.jar;D:\maven\apache-maven-3.6.1\repository\org\hdrhistogram\HdrHistogram\2.1.9\HdrHistogram-2.1.9.jar;D:\maven\apache-maven-3.6.1\repository\org\elasticsearch\jna\5.5.0\jna-5.5.0.jar;D:\maven\apache-maven-3.6.1\repository\org\elasticsearch\client\elasticsearch-rest-client\7.9.3\elasticsearch-rest-client-7.9.3.jar;D:\maven\apache-maven-3.6.1\repository\org\apache\httpcomponents\httpclient\4.5.13\httpclient-4.5.13.jar;D:\maven\apache-maven-3.6.1\repository\org\apache\httpcomponents\httpcore\4.4.14\httpcore-4.4.14.jar;D:\maven\apache-maven-3.6.1\repository\org\apache\httpcomponents\httpasyncclient\4.1.4\httpasyncclient-4.1.4.jar;D:\maven\apache-maven-3.6.1\repository\org\apache\httpcomponents\httpcore-nio\4.4.14\httpcore-nio-4.4.14.jar;D:\maven\apache-maven-3.6.1\repository\commons-codec\commons-codec\1.15\commons-codec-1.15.jar;D:\maven\apache-maven-3.6.1\repository\org\elasticsearch\plugin\mapper-extras-client\7.9.3\mapper-extras-client-7.9.3.jar;D:\maven\apache-maven-3.6.1\repository\org\elasticsearch\plugin\parent-join-client\7.9.3\parent-join-client-7.9.3.jar;D:\maven\apache-maven-3.6.1\repository\org\elasticsearch\plugin\aggs-matrix-stats-client\7.9.3\aggs-matrix-stats-client-7.9.3.jar;D:\maven\apache-maven-3.6.1\repository\org\elasticsearch\plugin\rank-eval-client\7.9.3\rank-eval-client-7.9.3.jar;D:\maven\apache-maven-3.6.1\repository\org\elasticsearch\plugin\lang-mustache-client\7.9.3\lang-mustache-client-7.9.3.jar;D:\maven\apache-maven-3.6.1\repository\com\github\spullara\mustache\java\compiler\0.9.6\compiler-0.9.6.jar;D:\maven\apache-maven-3.6.1\repository\com\fasterxml\jackson\core\jackson-core\2.11.3\jackson-core-2.11.3.jar;D:\maven\apache-maven-3.6.1\repository\org\springframework\boot\spring-boot-starter-security\2.4.3\spring-boot-starter-security-2.4.3.jar;D:\maven\apache-maven-3.6.1\repository\org\springframework\spring-aop\5.3.2\spring-aop-5.3.2.jar;D:\maven\apache-maven-3.6.1\repository\org\springframework\security\spring-security-config\5.4.2\spring-security-config-5.4.2.jar;D:\maven\apache-maven-3.6.1\repository\org\springframework\security\spring-security-core\5.4.2\spring-security-core-5.4.2.jar;D:\maven\apache-maven-3.6.1\repository\org\springframework\security\spring-security-web\5.4.2\spring-security-web-5.4.2.jar;D:\maven\apache-maven-3.6.1\repository\org\thymeleaf\extras\thymeleaf-extras-springsecurity5\3.0.4.RELEASE\thymeleaf-extras-springsecurity5-3.0.4.RELEASE.jar;D:\maven\apache-maven-3.6.1\repository\org\slf4j\slf4j-api\1.7.30\slf4j-api-1.7.30.jar;D:\maven\apache-maven-3.6.1\repository\org\springframework\boot\spring-boot-starter-quartz\2.4.4\spring-boot-starter-quartz-2.4.4.jar;D:\maven\apache-maven-3.6.1\repository\org\quartz-scheduler\quartz\2.3.2\quartz-2.3.2.jar;D:\maven\apache-maven-3.6.1\repository\com\mchange\mchange-commons-java\0.2.15\mchange-commons-java-0.2.15.jar;"/>
    <property name="sun.cpu.endian" value="little"/>
    <property name="user.home" value="C:\Users\米"/>
    <property name="user.language" value="zh"/>
    <property name="java.specification.vendor" value="Oracle Corporation"/>
    <property name="java.home" value="D:\jdk\jre"/>
    <property name="basedir" value="C:\Users\米\Desktop\community-master\community-master"/>
    <property name="file.separator" value="\"/>
    <property name="line.separator" value="&#10;"/>
    <property name="java.vm.specification.vendor" value="Oracle Corporation"/>
    <property name="java.specification.name" value="Java Platform API Specification"/>
    <property name="java.awt.graphicsenv" value="sun.awt.Win32GraphicsEnvironment"/>
    <property name="surefire.real.class.path" value="C:\Users\米\AppData\Local\Temp\surefire5600629106431836514\surefirebooter6483212395382955977.jar"/>
    <property name="sun.boot.class.path" value="D:\jdk\jre\lib\resources.jar;D:\jdk\jre\lib\rt.jar;D:\jdk\jre\lib\sunrsasign.jar;D:\jdk\jre\lib\jsse.jar;D:\jdk\jre\lib\jce.jar;D:\jdk\jre\lib\charsets.jar;D:\jdk\jre\lib\jfr.jar;D:\jdk\jre\classes"/>
    <property name="user.script" value=""/>
    <property name="sun.management.compiler" value="HotSpot 64-Bit Tiered Compilers"/>
    <property name="java.runtime.version" value="1.8.0_181-b13"/>
    <property name="user.name" value="米"/>
    <property name="path.separator" value=";"/>
    <property name="os.version" value="10.0"/>
    <property name="java.endorsed.dirs" value="D:\jdk\jre\lib\endorsed"/>
    <property name="java.runtime.name" value="Java(TM) SE Runtime Environment"/>
    <property name="file.encoding" value="GBK"/>
    <property name="java.vm.name" value="Java HotSpot(TM) 64-Bit Server VM"/>
    <property name="localRepository" value="D:\maven\apache-maven-3.6.1\repository"/>
    <property name="java.vendor.url.bug" value="http://bugreport.sun.com/bugreport/"/>
    <property name="java.io.tmpdir" value="C:\Users\米\AppData\Local\Temp\"/>
    <property name="idea.version" value="2018.3.5"/>
    <property name="java.version" value="1.8.0_181"/>
    <property name="user.dir" value="C:\Users\米\Desktop\community-master\community-master"/>
    <property name="os.arch" value="amd64"/>
    <property name="java.vm.specification.name" value="Java Virtual Machine Specification"/>
    <property name="java.awt.printerjob" value="sun.awt.windows.WPrinterJob"/>
    <property name="sun.os.patch.level" value=""/>
    <property name="java.library.path" value="D:\jdk\jre\bin;C:\WINDOWS\Sun\Java\bin;C:\WINDOWS\system32;C:\WINDOWS;D:\Program Files (x86)\VMware\VMware Workstation\bin\;C:\Program Files\Common Files\Oracle\Java\javapath;C:\Program Files (x86)\Common Files\Oracle\Java\javapath;C:\WINDOWS\system32;C:\WINDOWS;C:\WINDOWS\System32\Wbem;C:\WINDOWS\System32\WindowsPowerShell\v1.0\;C:\WINDOWS\System32\OpenSSH\;C:\Program Files\MySQL\MySQL Utilities 1.6\;C:\Program Files\Java\jdk-18.0.1.1\jre\bin;C:\Program Files\Bandizip\;C:\Program Files\Java\jdk-18.0.1.1\bin;D:\maven\apache-maven-3.6.1\bin;D:\Git\cmd;D:\nvm;D:\nvm\nodejs;%NODE_PATH%;D:\elasticsearch-7.8.0-windows-x86_64\elasticsearch-7.8.0\bin;C:\Users\米\AppData\Local\Microsoft\WindowsApps;D:\Microsoft VS Code\bin;C:\Users\米\AppData\Roaming\npm;."/>
    <property name="java.vm.info" value="mixed mode"/>
    <property name="java.vendor" value="Oracle Corporation"/>
    <property name="java.vm.version" value="25.181-b13"/>
    <property name="java.ext.dirs" value="D:\jdk\jre\lib\ext;C:\WINDOWS\Sun\Java\lib\ext"/>
    <property name="sun.io.unicode.encoding" value="UnicodeLittle"/>
    <property name="maven.repo.local" value="D:\maven\apache-maven-3.6.1\repository"/>
    <property name="java.class.version" value="52.0"/>
  </properties>
  <testcase name="contextLoads" classname="com.wenlei.community.CommunityApplicationTests" time="0.264"/>
</testsuite>